<?xml version="1.0" encoding="UTF-8"?>
<!-- Generated by org.testng.reporters.JUnitReportReporter -->
<testsuite hostname="ATMECSINLT-004" failures="0" tests="1" name="com.automationpractice.testscripts.TS02_HomePageValidation" time="13.486" errors="0" timestamp="2021-10-21T20:15:44 IST" skipped="0">
  <testcase classname="com.automationpractice.testscripts.TS02_HomePageValidation" name="tc03_validate_homepage_products" time="13.486"/>
  <system-out/>
</testsuite> <!-- com.automationpractice.testscripts.TS02_HomePageValidation -->
