<?xml version="1.0" encoding="UTF-8"?>
<!-- Generated by org.testng.reporters.JUnitReportReporter -->
<testsuite hostname="ATMECSINLT-004" failures="0" tests="3" name="com.automationpractice.testscripts.TS01_LoginValidation" time="48.732" errors="0" timestamp="2021-10-26T19:38:19 IST" skipped="0">
  <testcase classname="com.automationpractice.testscripts.TS01_LoginValidation" name="tc02_login_Logout_Validation" time="12.285"/>
  <system-out>
    <![CDATA[Clicked on Header Login Button
Field Login user name  is filled with testnew2
Field Login password  is filled with test@123
Clicked on Login Button
Login is Successful
Clicked on Logout Button
Logout Successful]]>
  </system-out>
  <testcase classname="com.automationpractice.testscripts.TS01_LoginValidation" name="tc01_signup_validation" time="19.832"/>
  <system-out>
    <![CDATA[Clicked on Header Signup Button
Field Signup User Name is filled with userfortest987
Field Signup Password is filled with oookjjuahs344
Clicked on Signup Button
Signup is Successful]]>
  </system-out>
  <testcase classname="com.automationpractice.testscripts.TS01_LoginValidation" name="tc02_login_Logout_Validation" time="16.615"/>
  <system-out>
    <![CDATA[Clicked on Header Login Button
Field Login user name  is filled with testnew1
Field Login password  is filled with test@123
Clicked on Login Button
Login is Successful
Clicked on Logout Button
Logout Successful]]>
  </system-out>
</testsuite> <!-- com.automationpractice.testscripts.TS01_LoginValidation -->
