<?xml version="1.0" encoding="UTF-8"?>
<!-- Generated by org.testng.reporters.JUnitReportReporter -->
<testsuite hostname="ATMECSINLT-004" failures="0" tests="2" name="com.automationpractice.testscripts.TS02_HomePageValidation" time="24.360" errors="0" timestamp="2021-10-26T19:38:19 IST" skipped="0">
  <testcase classname="com.automationpractice.testscripts.TS02_HomePageValidation" name="tc04_validate_homepage_products" time="11.531"/>
  <system-out>
    <![CDATA[Home page products titles validated
Home page products images validated]]>
  </system-out>
  <testcase classname="com.automationpractice.testscripts.TS02_HomePageValidation" name="tc03_validate_Header_Links" time="12.829"/>
  <system-out/>
</testsuite> <!-- com.automationpractice.testscripts.TS02_HomePageValidation -->
